[2022-12-14 20:23:32] [INFO   ] cannot read configuration file config.properties trying from resources.
[2022-12-14 20:23:32] [INFO   ] configuration file was loaded from resources directory.
[2022-12-14 20:24:22] [SEVERE ] placing card 22 in slot 0
[2022-12-14 20:24:22] [SEVERE ] placing card 18 in slot 1
[2022-12-14 20:24:22] [SEVERE ] placing card 74 in slot 2
[2022-12-14 20:24:22] [SEVERE ] placing card 9 in slot 3
[2022-12-14 20:24:22] [SEVERE ] placing card 29 in slot 4
[2022-12-14 20:24:22] [SEVERE ] placing card 79 in slot 5
[2022-12-14 20:24:23] [SEVERE ] placing card 8 in slot 6
[2022-12-14 20:24:23] [SEVERE ] placing card 2 in slot 7
[2022-12-14 20:24:23] [SEVERE ] placing card 67 in slot 8
[2022-12-14 20:24:23] [SEVERE ] placing card 58 in slot 9
[2022-12-14 20:24:23] [SEVERE ] placing card 37 in slot 10
[2022-12-14 20:24:23] [SEVERE ] placing card 55 in slot 11
[2022-12-14 20:24:48] [SEVERE ] Key 65 was pressed by player 0
[2022-12-14 20:24:50] [SEVERE ] Key 81 was pressed by player 0
[2022-12-14 20:24:51] [SEVERE ] Key 87 was pressed by player 0
[2022-12-14 20:24:51] [SEVERE ] Key 69 was pressed by player 0
[2022-12-14 20:24:52] [SEVERE ] Key 90 was pressed by player 0
[2022-12-14 20:24:52] [SEVERE ] Key 88 was pressed by player 0
[2022-12-14 20:24:52] [SEVERE ] Key 67 was pressed by player 0
[2022-12-14 20:24:53] [SEVERE ] Key 68 was pressed by player 0
[2022-12-14 20:24:53] [SEVERE ] Key 83 was pressed by player 0
[2022-12-14 20:24:54] [SEVERE ] Key 68 was pressed by player 0
[2022-12-14 20:24:54] [SEVERE ] Key 68 was pressed by player 0
[2022-12-14 20:24:54] [SEVERE ] Key 68 was pressed by player 0
[2022-12-14 20:24:54] [SEVERE ] Key 68 was pressed by player 0
[2022-12-14 20:24:54] [SEVERE ] Key 68 was pressed by player 0
[2022-12-14 20:24:55] [SEVERE ] Key 68 was pressed by player 0
[2022-12-14 20:24:55] [SEVERE ] Key 68 was pressed by player 0
[2022-12-14 20:24:55] [SEVERE ] Key 68 was pressed by player 0
[2022-12-14 20:25:01] [SEVERE ] Key 81 was pressed by player 0
[2022-12-14 20:25:03] [SEVERE ] Key 80 was pressed by player 1
[2022-12-14 20:25:04] [SEVERE ] Key 59 was pressed by player 1
[2022-12-14 20:25:05] [SEVERE ] Key 46 was pressed by player 1
[2022-12-14 20:25:07] [SEVERE ] Key 44 was pressed by player 1
[2022-12-14 20:25:08] [SEVERE ] Key 77 was pressed by player 1
[2022-12-14 20:25:10] [SEVERE ] Key 44 was pressed by player 1
[2022-12-14 20:25:11] [SEVERE ] Key 46 was pressed by player 1
[2022-12-14 20:25:11] [SEVERE ] Key 47 was pressed by player 1
[2022-12-14 20:25:13] [SEVERE ] Key 59 was pressed by player 1
[2022-12-14 20:25:14] [SEVERE ] Key 76 was pressed by player 1
[2022-12-14 20:25:15] [SEVERE ] Key 76 was pressed by player 1
[2022-12-14 20:25:15] [SEVERE ] Key 76 was pressed by player 1
[2022-12-14 20:25:15] [SEVERE ] Key 59 was pressed by player 1
[2022-12-14 20:25:15] [SEVERE ] Key 76 was pressed by player 1
[2022-12-14 20:25:16] [SEVERE ] Key 59 was pressed by player 1
[2022-12-14 20:25:16] [SEVERE ] Key 59 was pressed by player 1
[2022-12-14 20:25:17] [SEVERE ] Key 59 was pressed by player 1
[2022-12-14 20:25:19] [SEVERE ] Key 59 was pressed by player 1
[2022-12-14 20:25:20] [SEVERE ] Key 59 was pressed by player 1
[2022-12-14 20:25:23] [SEVERE ] removing card from slot 0
[2022-12-14 20:25:23] [SEVERE ] removing card from slot 1
[2022-12-14 20:25:23] [SEVERE ] removing card from slot 2
[2022-12-14 20:25:23] [SEVERE ] removing card from slot 3
[2022-12-14 20:25:24] [SEVERE ] removing card from slot 4
[2022-12-14 20:25:24] [SEVERE ] removing card from slot 5
[2022-12-14 20:25:24] [SEVERE ] removing card from slot 6
[2022-12-14 20:25:24] [SEVERE ] removing card from slot 7
[2022-12-14 20:25:24] [SEVERE ] removing card from slot 8
[2022-12-14 20:25:24] [SEVERE ] removing card from slot 9
[2022-12-14 20:25:24] [SEVERE ] removing card from slot 10
[2022-12-14 20:25:24] [SEVERE ] removing card from slot 11
[2022-12-14 20:25:24] [SEVERE ] placing card 27 in slot 0
[2022-12-14 20:25:25] [SEVERE ] placing card 4 in slot 1
[2022-12-14 20:25:25] [SEVERE ] placing card 8 in slot 2
[2022-12-14 20:25:25] [SEVERE ] placing card 43 in slot 3
[2022-12-14 20:25:25] [SEVERE ] placing card 68 in slot 4
[2022-12-14 20:25:25] [SEVERE ] placing card 71 in slot 5
[2022-12-14 20:25:25] [SEVERE ] placing card 39 in slot 6
[2022-12-14 20:25:25] [SEVERE ] placing card 17 in slot 7
[2022-12-14 20:25:25] [SEVERE ] placing card 24 in slot 8
[2022-12-14 20:25:25] [SEVERE ] placing card 46 in slot 9
[2022-12-14 20:25:25] [SEVERE ] placing card 2 in slot 10
[2022-12-14 20:25:26] [SEVERE ] placing card 15 in slot 11
[2022-12-14 20:25:28] [SEVERE ] Exit button pressed
